Analysis & Synthesis report for processor
Thu Jun 16 14:05:52 2016
Quartus II 32-bit Version 13.0.1 Build 232 06/12/2013 Service Pack 1 SJ Full Version


---------------------
; Table of Contents ;
---------------------
  1. Legal Notice
  2. Analysis & Synthesis Summary
  3. Analysis & Synthesis Settings
  4. Parallel Compilation
  5. Analysis & Synthesis Source Files Read
  6. Analysis & Synthesis Resource Usage Summary
  7. Analysis & Synthesis Resource Utilization by Entity
  8. Registers Removed During Synthesis
  9. General Register Statistics
 10. Elapsed Time Per Partition
 11. Analysis & Synthesis Messages



----------------
; Legal Notice ;
----------------
Copyright (C) 1991-2013 Altera Corporation
Your use of Altera Corporation's design tools, logic functions 
and other software and tools, and its AMPP partner logic 
functions, and any output files from any of the foregoing 
(including device programming or simulation files), and any 
associated documentation or information are expressly subject 
to the terms and conditions of the Altera Program License 
Subscription Agreement, Altera MegaCore Function License 
Agreement, or other applicable license agreement, including, 
without limitation, that your use is for the sole purpose of 
programming logic devices manufactured by Altera and sold by 
Altera or its authorized distributors.  Please refer to the 
applicable agreement for further details.



+--------------------------------------------------------------------------------+
; Analysis & Synthesis Summary                                                   ;
+-----------------------------+--------------------------------------------------+
; Analysis & Synthesis Status ; Successful - Thu Jun 16 14:05:52 2016            ;
; Quartus II 32-bit Version   ; 13.0.1 Build 232 06/12/2013 SP 1 SJ Full Version ;
; Revision Name               ; processor                                        ;
; Top-level Entity Name       ; processor                                        ;
; Family                      ; Cyclone                                          ;
; Total logic elements        ; 1                                                ;
; Total pins                  ; 18                                               ;
; Total virtual pins          ; 0                                                ;
; Total memory bits           ; 0                                                ;
; Total PLLs                  ; 0                                                ;
+-----------------------------+--------------------------------------------------+


+----------------------------------------------------------------------------------------------------------------------+
; Analysis & Synthesis Settings                                                                                        ;
+----------------------------------------------------------------------------+--------------------+--------------------+
; Option                                                                     ; Setting            ; Default Value      ;
+----------------------------------------------------------------------------+--------------------+--------------------+
; Device                                                                     ; EP1C6Q240C8        ;                    ;
; Top-level entity name                                                      ; processor          ; processor          ;
; Family name                                                                ; Cyclone            ; Cyclone IV GX      ;
; Use smart compilation                                                      ; Off                ; Off                ;
; Enable parallel Assembler and TimeQuest Timing Analyzer during compilation ; On                 ; On                 ;
; Enable compact report table                                                ; Off                ; Off                ;
; Restructure Multiplexers                                                   ; Auto               ; Auto               ;
; Create Debugging Nodes for IP Cores                                        ; Off                ; Off                ;
; Preserve fewer node names                                                  ; On                 ; On                 ;
; Disable OpenCore Plus hardware evaluation                                  ; Off                ; Off                ;
; Verilog Version                                                            ; Verilog_2001       ; Verilog_2001       ;
; VHDL Version                                                               ; VHDL_1993          ; VHDL_1993          ;
; State Machine Processing                                                   ; Auto               ; Auto               ;
; Safe State Machine                                                         ; Off                ; Off                ;
; Extract Verilog State Machines                                             ; On                 ; On                 ;
; Extract VHDL State Machines                                                ; On                 ; On                 ;
; Ignore Verilog initial constructs                                          ; Off                ; Off                ;
; Iteration limit for constant Verilog loops                                 ; 5000               ; 5000               ;
; Iteration limit for non-constant Verilog loops                             ; 250                ; 250                ;
; Add Pass-Through Logic to Inferred RAMs                                    ; On                 ; On                 ;
; Infer RAMs from Raw Logic                                                  ; On                 ; On                 ;
; Parallel Synthesis                                                         ; On                 ; On                 ;
; NOT Gate Push-Back                                                         ; On                 ; On                 ;
; Power-Up Don't Care                                                        ; On                 ; On                 ;
; Remove Redundant Logic Cells                                               ; Off                ; Off                ;
; Remove Duplicate Registers                                                 ; On                 ; On                 ;
; Ignore CARRY Buffers                                                       ; Off                ; Off                ;
; Ignore CASCADE Buffers                                                     ; Off                ; Off                ;
; Ignore GLOBAL Buffers                                                      ; Off                ; Off                ;
; Ignore ROW GLOBAL Buffers                                                  ; Off                ; Off                ;
; Ignore LCELL Buffers                                                       ; Off                ; Off                ;
; Ignore SOFT Buffers                                                        ; On                 ; On                 ;
; Limit AHDL Integers to 32 Bits                                             ; Off                ; Off                ;
; Optimization Technique                                                     ; Balanced           ; Balanced           ;
; Carry Chain Length                                                         ; 70                 ; 70                 ;
; Auto Carry Chains                                                          ; On                 ; On                 ;
; Auto Open-Drain Pins                                                       ; On                 ; On                 ;
; Perform WYSIWYG Primitive Resynthesis                                      ; Off                ; Off                ;
; Auto ROM Replacement                                                       ; On                 ; On                 ;
; Auto RAM Replacement                                                       ; On                 ; On                 ;
; Auto Shift Register Replacement                                            ; Auto               ; Auto               ;
; Allow Shift Register Merging across Hierarchies                            ; Auto               ; Auto               ;
; Auto Clock Enable Replacement                                              ; On                 ; On                 ;
; Strict RAM Replacement                                                     ; Off                ; Off                ;
; Allow Synchronous Control Signals                                          ; On                 ; On                 ;
; Force Use of Synchronous Clear Signals                                     ; Off                ; Off                ;
; Auto RAM Block Balancing                                                   ; On                 ; On                 ;
; Auto RAM to Logic Cell Conversion                                          ; Off                ; Off                ;
; Auto Resource Sharing                                                      ; Off                ; Off                ;
; Allow Any RAM Size For Recognition                                         ; Off                ; Off                ;
; Allow Any ROM Size For Recognition                                         ; Off                ; Off                ;
; Allow Any Shift Register Size For Recognition                              ; Off                ; Off                ;
; Use LogicLock Constraints during Resource Balancing                        ; On                 ; On                 ;
; Ignore translate_off and synthesis_off directives                          ; Off                ; Off                ;
; Report Parameter Settings                                                  ; On                 ; On                 ;
; Report Source Assignments                                                  ; On                 ; On                 ;
; Report Connectivity Checks                                                 ; On                 ; On                 ;
; Ignore Maximum Fan-Out Assignments                                         ; Off                ; Off                ;
; Synchronization Register Chain Length                                      ; 2                  ; 2                  ;
; PowerPlay Power Optimization                                               ; Normal compilation ; Normal compilation ;
; HDL message level                                                          ; Level2             ; Level2             ;
; Suppress Register Optimization Related Messages                            ; Off                ; Off                ;
; Number of Removed Registers Reported in Synthesis Report                   ; 5000               ; 5000               ;
; Number of Swept Nodes Reported in Synthesis Report                         ; 5000               ; 5000               ;
; Number of Inverted Registers Reported in Synthesis Report                  ; 100                ; 100                ;
; Clock MUX Protection                                                       ; On                 ; On                 ;
; Block Design Naming                                                        ; Auto               ; Auto               ;
; Synthesis Effort                                                           ; Auto               ; Auto               ;
; Shift Register Replacement - Allow Asynchronous Clear Signal               ; On                 ; On                 ;
; Pre-Mapping Resynthesis Optimization                                       ; Off                ; Off                ;
; Analysis & Synthesis Message Level                                         ; Medium             ; Medium             ;
; Disable Register Merging Across Hierarchies                                ; Auto               ; Auto               ;
; Resource Aware Inference For Block RAM                                     ; On                 ; On                 ;
; Synthesis Seed                                                             ; 1                  ; 1                  ;
+----------------------------------------------------------------------------+--------------------+--------------------+


+------------------------------------------+
; Parallel Compilation                     ;
+----------------------------+-------------+
; Processors                 ; Number      ;
+----------------------------+-------------+
; Number detected on machine ; 2           ;
; Maximum allowed            ; 2           ;
;                            ;             ;
; Average used               ; 1.00        ;
; Maximum used               ; 1           ;
;                            ;             ;
; Usage by Processor         ; % Time Used ;
;     Processor 1            ; 100.0%      ;
;     Processor 2            ;   0.0%      ;
+----------------------------+-------------+


+------------------------------------------------------------------------------------------------------------------------------------------------------+
; Analysis & Synthesis Source Files Read                                                                                                               ;
+----------------------------------+-----------------+------------------------------------+--------------------------------------------------+---------+
; File Name with User-Entered Path ; Used in Netlist ; File Type                          ; File Name with Absolute Path                     ; Library ;
+----------------------------------+-----------------+------------------------------------+--------------------------------------------------+---------+
; processor.bdf                    ; yes             ; User Block Diagram/Schematic File  ; /home/014/a0140646/processor/processor.bdf       ;         ;
; tool/half_adder.bdf              ; yes             ; User Block Diagram/Schematic File  ; /home/014/a0140646/processor/tool/half_adder.bdf ;         ;
; tool/full_adder.bdf              ; yes             ; User Block Diagram/Schematic File  ; /home/014/a0140646/processor/tool/full_adder.bdf ;         ;
; tool/16adder.bdf                 ; yes             ; User Block Diagram/Schematic File  ; /home/014/a0140646/processor/tool/16adder.bdf    ;         ;
; tool/bind.bdf                    ; yes             ; User Block Diagram/Schematic File  ; /home/014/a0140646/processor/tool/bind.bdf       ;         ;
; tool/unbind.bdf                  ; yes             ; User Block Diagram/Schematic File  ; /home/014/a0140646/processor/tool/unbind.bdf     ;         ;
; tool/16strage.bdf                ; yes             ; User Block Diagram/Schematic File  ; /home/014/a0140646/processor/tool/16strage.bdf   ;         ;
; tool/16bitplus1.bdf              ; yes             ; User Block Diagram/Schematic File  ; /home/014/a0140646/processor/tool/16bitplus1.bdf ;         ;
+----------------------------------+-----------------+------------------------------------+--------------------------------------------------+---------+


+-------------------------------------------------------------------+
; Analysis & Synthesis Resource Usage Summary                       ;
+---------------------------------------------+---------------------+
; Resource                                    ; Usage               ;
+---------------------------------------------+---------------------+
; Total logic elements                        ; 1                   ;
;     -- Combinational with no register       ; 0                   ;
;     -- Register only                        ; 0                   ;
;     -- Combinational with a register        ; 1                   ;
;                                             ;                     ;
; Logic element usage by number of LUT inputs ;                     ;
;     -- 4 input functions                    ; 0                   ;
;     -- 3 input functions                    ; 0                   ;
;     -- 2 input functions                    ; 0                   ;
;     -- 1 input functions                    ; 1                   ;
;     -- 0 input functions                    ; 0                   ;
;                                             ;                     ;
; Logic elements by mode                      ;                     ;
;     -- normal mode                          ; 1                   ;
;     -- arithmetic mode                      ; 0                   ;
;     -- qfbk mode                            ; 0                   ;
;     -- register cascade mode                ; 0                   ;
;     -- synchronous clear/load mode          ; 0                   ;
;     -- asynchronous clear/load mode         ; 1                   ;
;                                             ;                     ;
; Total registers                             ; 1                   ;
; I/O pins                                    ; 18                  ;
; Maximum fan-out node                        ; 16strage:inst|DFF16 ;
; Maximum fan-out                             ; 2                   ;
; Total fan-out                               ; 4                   ;
; Average fan-out                             ; 0.21                ;
+---------------------------------------------+---------------------+


+----------------------------------------------------------------------------------------------------------------------------------------------------------------------------------------------------------------------------+
; Analysis & Synthesis Resource Utilization by Entity                                                                                                                                                                        ;
+----------------------------+-------------+--------------+-------------+------+--------------+--------------+-------------------+------------------+-----------------+------------+--------------------------+--------------+
; Compilation Hierarchy Node ; Logic Cells ; LC Registers ; Memory Bits ; Pins ; Virtual Pins ; LUT-Only LCs ; Register-Only LCs ; LUT/Register LCs ; Carry Chain LCs ; Packed LCs ; Full Hierarchy Name      ; Library Name ;
+----------------------------+-------------+--------------+-------------+------+--------------+--------------+-------------------+------------------+-----------------+------------+--------------------------+--------------+
; |processor                 ; 1 (0)       ; 1            ; 0           ; 18   ; 0            ; 0 (0)        ; 0 (0)             ; 1 (0)            ; 0 (0)           ; 0 (0)      ; |processor               ; work         ;
;    |16strage:inst|         ; 1 (1)       ; 1            ; 0           ; 0    ; 0            ; 0 (0)        ; 0 (0)             ; 1 (1)            ; 0 (0)           ; 0 (0)      ; |processor|16strage:inst ; work         ;
+----------------------------+-------------+--------------+-------------+------+--------------+--------------+-------------------+------------------+-----------------+------------+--------------------------+--------------+
Note: For table entries with two numbers listed, the numbers in parentheses indicate the number of resources of the given type used by the specific entity alone. The numbers listed outside of parentheses indicate the total resources of the given type used by the specific entity and all of its sub-entities in the hierarchy.


+---------------------------------------------------------------------------------+
; Registers Removed During Synthesis                                              ;
+----------------------------------------+----------------------------------------+
; Register name                          ; Reason for Removal                     ;
+----------------------------------------+----------------------------------------+
; 16strage:inst|DFF8                     ; Merged with 16strage:inst|DFF15        ;
; 16strage:inst|DFF6                     ; Merged with 16strage:inst|DFF15        ;
; 16strage:inst|DFF12                    ; Merged with 16strage:inst|DFF15        ;
; 16strage:inst|DFF1                     ; Merged with 16strage:inst|DFF15        ;
; 16strage:inst|DFF4                     ; Merged with 16strage:inst|DFF15        ;
; 16strage:inst|DFF13                    ; Merged with 16strage:inst|DFF15        ;
; 16strage:inst|DFF7                     ; Merged with 16strage:inst|DFF15        ;
; 16strage:inst|DFF5                     ; Merged with 16strage:inst|DFF15        ;
; 16strage:inst|DFF11                    ; Merged with 16strage:inst|DFF15        ;
; 16strage:inst|DFF9                     ; Merged with 16strage:inst|DFF15        ;
; 16strage:inst|DFF3                     ; Merged with 16strage:inst|DFF15        ;
; 16strage:inst|DFF14                    ; Merged with 16strage:inst|DFF15        ;
; 16strage:inst|DFF10                    ; Merged with 16strage:inst|DFF15        ;
; 16strage:inst|DFF2                     ; Merged with 16strage:inst|DFF15        ;
; 16strage:inst|DFF15                    ; Stuck at GND due to stuck port data_in ;
; Total Number of Removed Registers = 15 ;                                        ;
+----------------------------------------+----------------------------------------+


+------------------------------------------------------+
; General Register Statistics                          ;
+----------------------------------------------+-------+
; Statistic                                    ; Value ;
+----------------------------------------------+-------+
; Total registers                              ; 1     ;
; Number of registers using Synchronous Clear  ; 0     ;
; Number of registers using Synchronous Load   ; 0     ;
; Number of registers using Asynchronous Clear ; 1     ;
; Number of registers using Asynchronous Load  ; 0     ;
; Number of registers using Clock Enable       ; 0     ;
; Number of registers using Preset             ; 0     ;
+----------------------------------------------+-------+


+-------------------------------+
; Elapsed Time Per Partition    ;
+----------------+--------------+
; Partition Name ; Elapsed Time ;
+----------------+--------------+
; Top            ; 00:00:00     ;
+----------------+--------------+


+-------------------------------+
; Analysis & Synthesis Messages ;
+-------------------------------+
Info: *******************************************************************
Info: Running Quartus II 32-bit Analysis & Synthesis
    Info: Version 13.0.1 Build 232 06/12/2013 Service Pack 1 SJ Full Version
    Info: Processing started: Thu Jun 16 14:05:50 2016
Info: Command: quartus_map --read_settings_files=on --write_settings_files=off processor -c processor
Warning (125092): Tcl Script File ram/ramcord.qip not found
    Info (125063): set_global_assignment -name QIP_FILE ram/ramcord.qip
Info (20030): Parallel compilation is enabled and will use 2 of the 2 processors detected
Warning (12019): Can't analyze file -- file not.bdf is missing
Info (12021): Found 1 design units, including 1 entities, in source file processor.bdf
    Info (12023): Found entity 1: processor
Warning (12019): Can't analyze file -- file pc/pc_store.bdf is missing
Info (12021): Found 1 design units, including 1 entities, in source file tool/half_adder.bdf
    Info (12023): Found entity 1: half_adder
Info (12021): Found 1 design units, including 1 entities, in source file tool/full_adder.bdf
    Info (12023): Found entity 1: full_adder
Info (12021): Found 1 design units, including 1 entities, in source file tool/16adder.bdf
    Info (12023): Found entity 1: 16adder
Warning (12090): Entity "mux" obtained from "tool/mux.bdf" instead of from Quartus II megafunction library
Info (12021): Found 1 design units, including 1 entities, in source file tool/mux.bdf
    Info (12023): Found entity 1: mux
Info (12021): Found 1 design units, including 1 entities, in source file tool/16mux.bdf
    Info (12023): Found entity 1: 16mux
Info (12021): Found 1 design units, including 1 entities, in source file tool/bind.bdf
    Info (12023): Found entity 1: bind
Info (12021): Found 1 design units, including 1 entities, in source file tool/unbind.bdf
    Info (12023): Found entity 1: unbind
Info (12021): Found 1 design units, including 1 entities, in source file tool/16strage.bdf
    Info (12023): Found entity 1: 16strage
Info (12021): Found 1 design units, including 1 entities, in source file tool/16bitplus1.bdf
    Info (12023): Found entity 1: 16bitplus1
Info (12127): Elaborating entity "processor" for the top level hierarchy
Info (12128): Elaborating entity "unbind" for hierarchy "unbind:inst7"
Info (12128): Elaborating entity "16strage" for hierarchy "16strage:inst"
Info (12128): Elaborating entity "bind" for hierarchy "16strage:inst|bind:inst1"
Info (12128): Elaborating entity "16bitplus1" for hierarchy "16bitplus1:inst5"
Info (12128): Elaborating entity "16adder" for hierarchy "16bitplus1:inst5|16adder:inst"
Info (12128): Elaborating entity "full_adder" for hierarchy "16bitplus1:inst5|16adder:inst|full_adder:inst17"
Info (12128): Elaborating entity "half_adder" for hierarchy "16bitplus1:inst5|16adder:inst|full_adder:inst17|half_adder:inst1"
Warning (13024): Output pins are stuck at VCC or GND
    Warning (13410): Pin "pin_name2" is stuck at GND
    Warning (13410): Pin "pin_name3" is stuck at GND
    Warning (13410): Pin "pin_name4" is stuck at GND
    Warning (13410): Pin "pin_name5" is stuck at GND
    Warning (13410): Pin "pin_name6" is stuck at GND
    Warning (13410): Pin "pin_name7" is stuck at GND
    Warning (13410): Pin "pin_name8" is stuck at GND
    Warning (13410): Pin "pin_name9" is stuck at GND
    Warning (13410): Pin "pin_name10" is stuck at GND
    Warning (13410): Pin "pin_name11" is stuck at GND
    Warning (13410): Pin "pin_name12" is stuck at GND
    Warning (13410): Pin "pin_name13" is stuck at GND
    Warning (13410): Pin "pin_name14" is stuck at GND
    Warning (13410): Pin "pin_name15" is stuck at GND
    Warning (13410): Pin "pin_name16" is stuck at GND
Info (16010): Generating hard_block partition "hard_block:auto_generated_inst"
    Info (16011): Adding 0 node(s), including 0 DDIO, 0 PLL, 0 transceiver and 0 LCELL
Info (21057): Implemented 19 device resources after synthesis - the final resource count might be different
    Info (21058): Implemented 2 input pins
    Info (21059): Implemented 16 output pins
    Info (21061): Implemented 1 logic cells
Info: Quartus II 32-bit Analysis & Synthesis was successful. 0 errors, 20 warnings
    Info: Peak virtual memory: 333 megabytes
    Info: Processing ended: Thu Jun 16 14:05:52 2016
    Info: Elapsed time: 00:00:02
    Info: Total CPU time (on all processors): 00:00:02


